TN:
SF:api/index.js
FN:18,(anonymous_0)
FN:22,(anonymous_1)
FNF:2
FNH:1
FNDA:0,(anonymous_0)
FNDA:1,(anonymous_1)
DA:1,1
DA:2,1
DA:3,1
DA:4,1
DA:6,1
DA:8,1
DA:10,1
DA:11,1
DA:13,1
DA:15,1
DA:18,1
DA:22,1
DA:23,1
DA:26,1
LF:14
LH:14
BRDA:13,0,0,1
BRDA:13,0,1,1
BRF:2
BRH:2
end_of_record
TN:
SF:api/server/controllers/BookController.js
FNF:0
FNH:0
DA:1,1
DA:2,1
DA:4,1
DA:10,1
DA:11,1
DA:13,0
DA:17,0
DA:24,1
DA:30,1
DA:33,0
DA:42,1
DA:47,2
DA:48,1
DA:50,1
DA:54,0
DA:63,1
DA:70,2
DA:71,1
DA:73,1
DA:77,0
DA:86,1
DA:93,2
DA:94,1
DA:96,1
DA:100,0
DA:106,1
LF:26
LH:20
BRDA:10,0,0,1
BRDA:10,0,1,0
BRDA:23,1,0,2
BRDA:23,1,1,1
BRDA:23,1,2,1
BRDA:47,2,0,1
BRDA:47,2,1,1
BRDA:70,3,0,1
BRDA:70,3,1,1
BRDA:93,4,0,1
BRDA:93,4,1,1
BRF:11
BRH:10
end_of_record
TN:
SF:api/server/routes/BookRoutes.js
FNF:0
FNH:0
DA:1,1
DA:2,1
DA:4,1
DA:6,1
DA:7,1
DA:8,1
DA:9,1
DA:10,1
DA:12,1
LF:9
LH:9
BRF:0
BRH:0
end_of_record
TN:
SF:api/server/services/BookService.js
FNF:0
FNH:0
DA:1,1
DA:66,1
LF:2
LH:2
BRF:0
BRH:0
end_of_record
TN:
SF:api/server/src/config/config.js
FNF:0
FNH:0
DA:1,3
DA:3,3
LF:2
LH:2
BRF:0
BRH:0
end_of_record
TN:
SF:api/server/src/migrations/20200313152947-create-book.js
FN:4,(anonymous_0)
FN:34,(anonymous_1)
FNF:2
FNH:2
FNDA:1,(anonymous_0)
FNDA:1,(anonymous_1)
DA:3,2
DA:5,1
DA:35,1
LF:3
LH:3
BRF:0
BRH:0
end_of_record
TN:
SF:api/server/src/models/book.js
FN:2,(anonymous_0)
FN:8,(anonymous_1)
FNF:2
FNH:2
FNDA:1,(anonymous_0)
FNDA:1,(anonymous_1)
DA:2,1
DA:3,1
DA:8,1
DA:11,1
LF:4
LH:4
BRF:0
BRH:0
end_of_record
TN:
SF:api/server/src/models/index.js
FN:20,(anonymous_0)
FN:23,(anonymous_1)
FN:28,(anonymous_2)
FNF:3
FNH:3
FNDA:2,(anonymous_0)
FNDA:1,(anonymous_1)
FNDA:1,(anonymous_2)
DA:3,1
DA:4,1
DA:5,1
DA:6,1
DA:7,1
DA:8,1
DA:9,1
DA:12,1
DA:13,0
DA:15,1
DA:18,1
DA:21,2
DA:24,1
DA:25,1
DA:28,1
DA:29,1
DA:30,1
DA:34,1
DA:35,1
DA:37,1
LF:20
LH:19
BRDA:7,0,0,1
BRDA:7,0,1,0
BRDA:12,1,0,0
BRDA:12,1,1,1
BRDA:21,2,0,2
BRDA:21,2,1,2
BRDA:21,2,2,1
BRDA:29,3,0,1
BRDA:29,3,1,0
BRF:9
BRH:6
end_of_record
TN:
SF:api/server/utils/Utils.js
FN:2,Util
FN:9,setSuccess
FN:16,setError
FN:22,send
FNF:4
FNH:4
FNDA:1,Util
FNDA:5,setSuccess
FNDA:7,setError
FNDA:12,send
DA:2,1
DA:3,1
DA:4,1
DA:5,1
DA:6,1
DA:10,5
DA:11,5
DA:12,5
DA:13,5
DA:17,7
DA:18,7
DA:19,7
DA:23,12
DA:29,12
DA:30,5
DA:32,7
LF:16
LH:16
BRDA:29,0,0,5
BRDA:29,0,1,7
BRF:2
BRH:2
end_of_record
TN:
SF:api/tests/test.js
FN:9,(anonymous_0)
FN:10,(anonymous_1)
FN:20,(anonymous_2)
FN:32,(anonymous_3)
FN:41,(anonymous_4)
FN:47,(anonymous_5)
FN:51,(anonymous_6)
FN:61,(anonymous_7)
FN:66,(anonymous_8)
FN:76,(anonymous_9)
FN:81,(anonymous_10)
FN:89,(anonymous_11)
FN:94,(anonymous_12)
FN:102,(anonymous_13)
FN:114,(anonymous_14)
FN:124,(anonymous_15)
FN:136,(anonymous_16)
FN:144,(anonymous_17)
FN:156,(anonymous_18)
FN:165,(anonymous_19)
FN:170,(anonymous_20)
FN:177,(anonymous_21)
FN:182,(anonymous_22)
FN:190,(anonymous_23)
FN:195,(anonymous_24)
FNF:25
FNH:25
FNDA:1,(anonymous_0)
FNDA:1,(anonymous_1)
FNDA:1,(anonymous_2)
FNDA:1,(anonymous_3)
FNDA:1,(anonymous_4)
FNDA:1,(anonymous_5)
FNDA:1,(anonymous_6)
FNDA:1,(anonymous_7)
FNDA:1,(anonymous_8)
FNDA:1,(anonymous_9)
FNDA:1,(anonymous_10)
FNDA:1,(anonymous_11)
FNDA:1,(anonymous_12)
FNDA:1,(anonymous_13)
FNDA:1,(anonymous_14)
FNDA:1,(anonymous_15)
FNDA:1,(anonymous_16)
FNDA:1,(anonymous_17)
FNDA:1,(anonymous_18)
FNDA:1,(anonymous_19)
FNDA:1,(anonymous_20)
FNDA:1,(anonymous_21)
FNDA:1,(anonymous_22)
FNDA:1,(anonymous_23)
FNDA:1,(anonymous_24)
DA:1,1
DA:2,1
DA:3,1
DA:4,1
DA:6,1
DA:7,1
DA:9,1
DA:10,1
DA:11,1
DA:16,1
DA:21,1
DA:22,1
DA:28,1
DA:32,1
DA:33,1
DA:37,1
DA:42,1
DA:43,1
DA:47,1
DA:48,1
DA:52,1
DA:53,1
DA:54,1
DA:55,1
DA:56,1
DA:57,1
DA:61,1
DA:62,1
DA:63,1
DA:67,1
DA:68,1
DA:69,1
DA:70,1
DA:71,1
DA:72,1
DA:76,1
DA:77,1
DA:78,1
DA:82,1
DA:83,1
DA:85,1
DA:89,1
DA:90,1
DA:91,1
DA:95,1
DA:96,1
DA:98,1
DA:102,1
DA:103,1
DA:104,1
DA:110,1
DA:115,1
DA:116,1
DA:117,1
DA:118,1
DA:119,1
DA:120,1
DA:124,1
DA:125,1
DA:126,1
DA:132,1
DA:137,1
DA:138,1
DA:140,1
DA:144,1
DA:145,1
DA:146,1
DA:152,1
DA:157,1
DA:158,1
DA:160,1
DA:165,1
DA:166,1
DA:167,1
DA:171,1
DA:172,1
DA:173,1
DA:177,1
DA:178,1
DA:179,1
DA:183,1
DA:184,1
DA:186,1
DA:190,1
DA:191,1
DA:192,1
DA:196,1
DA:197,1
DA:198,1
LF:89
LH:89
BRF:0
BRH:0
end_of_record
